<?xml version="1.0" encoding="UTF-8"?>
<testng-results skipped="0" failed="0" total="1" passed="1">
  <reporter-output>
  </reporter-output>
  <suite name="Default suite" duration-ms="8920" started-at="2017-06-19T21:08:52Z" finished-at="2017-06-19T21:09:01Z">
    <groups>
    </groups>
    <test name="Default test" duration-ms="8920" started-at="2017-06-19T21:08:52Z" finished-at="2017-06-19T21:09:01Z">
      <class name="automationSuite.SmokeTest">
        <test-method status="PASS" signature="testToolQA()[pri:0, instance:automationSuite.SmokeTest@77cd7a0]" name="testToolQA" duration-ms="8885" started-at="2017-06-19T17:08:52Z" finished-at="2017-06-19T17:09:01Z">
          <reporter-output>
          </reporter-output>
        </test-method> <!-- testToolQA -->
      </class> <!-- automationSuite.SmokeTest -->
    </test> <!-- Default test -->
  </suite> <!-- Default suite -->
</testng-results>
